# JRE version: OpenJDK Runtime Environment (8.0_222-b10) (build 1.8.0_222-8u222-b10-1~deb9u1-b10)
# Java VM: OpenJDK 64-Bit Server VM (25.222-b10 mixed mode linux-amd64 )
Heap:
 PSYoungGen      total 8343552K, used 1026812K [0x00007f9066580000, 0x00007f92b1f00000, 0x00007f9311000000)
  eden space 7197184K, 0% used [0x00007f9066580000,0x00007f9066580000,0x00007f921da00000)
  from space 1146368K, 89% used [0x00007f926bf80000,0x00007f92aaa3f010,0x00007f92b1f00000)
  to   space 1211392K, 0% used [0x00007f921da00000,0x00007f921da00000,0x00007f9267900000)
 ParOldGen       total 22369792K, used 13228308K [0x00007f8b11000000, 0x00007f9066580000, 0x00007f9066580000)
  object space 22369792K, 59% used [0x00007f8b11000000,0x00007f8e386450b8,0x00007f9066580000)
 Metaspace       used 28681K, capacity 29059K, committed 29184K, reserved 30720K
GC Heap History (10 events):
Event: 5000.337 GC heap after
Heap after GC invocations=120 (full 43):
 PSYoungGen      total 8439296K, used 511398K [0x00007f9066580000, 0x00007f92c4980000, 0x00007f9311000000)
  eden space 6875648K, 0% used [0x00007f9066580000,0x00007f9066580000,0x00007f920a000000)
  from space 1563648K, 32% used [0x00007f920a000000,0x00007f9229369990,0x00007f9269700000)
  to   space 1462272K, 0% used [0x00007f926b580000,0x00007f926b580000,0x00007f92c4980000)
 ParOldGen       total 22369792K, used 13228284K [0x00007f8b11000000, 0x00007f9066580000, 0x00007f9066580000)
  object space 22369792K, 59% used [0x00007f8b11000000,0x00007f8e3863f0b8,0x00007f9066580000)
 Metaspace       used 28667K, capacity 29059K, committed 29184K, reserved 30720K
}
Event: 5002.642 GC heap before
{Heap before GC invocations=121 (full 43):
 PSYoungGen      total 8439296K, used 7387046K [0x00007f9066580000, 0x00007f92c4980000, 0x00007f9311000000)
  eden space 6875648K, 100% used [0x00007f9066580000,0x00007f920a000000,0x00007f920a000000)
  from space 1563648K, 32% used [0x00007f920a000000,0x00007f9229369990,0x00007f9269700000)
  to   space 1462272K, 0% used [0x00007f926b580000,0x00007f926b580000,0x00007f92c4980000)
 ParOldGen       total 22369792K, used 13228284K [0x00007f8b11000000, 0x00007f9066580000, 0x00007f9066580000)
  object space 22369792K, 59% used [0x00007f8b11000000,0x00007f8e3863f0b8,0x00007f9066580000)
 Metaspace       used 28667K, capacity 29059K, committed 29184K, reserved 30720K
Event: 5002.702 GC heap after
Heap after GC invocations=121 (full 43):
 PSYoungGen      total 8322048K, used 508676K [0x00007f9066580000, 0x00007f92ba880000, 0x00007f9311000000)
  eden space 7024640K, 0% used [0x00007f9066580000,0x00007f9066580000,0x00007f9213180000)
  from space 1297408K, 39% used [0x00007f926b580000,0x00007f928a641398,0x00007f92ba880000)
  to   space 1371648K, 0% used [0x00007f9213180000,0x00007f9213180000,0x00007f9266d00000)
 ParOldGen       total 22369792K, used 13228284K [0x00007f8b11000000, 0x00007f9066580000, 0x00007f9066580000)
  object space 22369792K, 59% used [0x00007f8b11000000,0x00007f8e3863f0b8,0x00007f9066580000)
 Metaspace       used 28667K, capacity 29059K, committed 29184K, reserved 30720K
}
Event: 5005.071 GC heap before
{Heap before GC invocations=122 (full 43):
 PSYoungGen      total 8322048K, used 7533316K [0x00007f9066580000, 0x00007f92ba880000, 0x00007f9311000000)
  eden space 7024640K, 100% used [0x00007f9066580000,0x00007f9213180000,0x00007f9213180000)
  from space 1297408K, 39% used [0x00007f926b580000,0x00007f928a641398,0x00007f92ba880000)
  to   space 1371648K, 0% used [0x00007f9213180000,0x00007f9213180000,0x00007f9266d00000)
 ParOldGen       total 22369792K, used 13228284K [0x00007f8b11000000, 0x00007f9066580000, 0x00007f9066580000)
  object space 22369792K, 59% used [0x00007f8b11000000,0x00007f8e3863f0b8,0x00007f9066580000)
 Metaspace       used 28667K, capacity 29059K, committed 29184K, reserved 30720K
Event: 5005.127 GC heap after
Heap after GC invocations=122 (full 43):
 PSYoungGen      total 8396288K, used 522410K [0x00007f9066580000, 0x00007f92ba380000, 0x00007f9311000000)
  eden space 7024640K, 0% used [0x00007f9066580000,0x00007f9066580000,0x00007f9213180000)
  from space 1371648K, 38% used [0x00007f9213180000,0x00007f9232faab58,0x00007f9266d00000)
  to   space 1287168K, 0% used [0x00007f926ba80000,0x00007f926ba80000,0x00007f92ba380000)
 ParOldGen       total 22369792K, used 13228284K [0x00007f8b11000000, 0x00007f9066580000, 0x00007f9066580000)
  object space 22369792K, 59% used [0x00007f8b11000000,0x00007f8e3863f0b8,0x00007f9066580000)
 Metaspace       used 28667K, capacity 29059K, committed 29184K, reserved 30720K
}
Event: 5007.509 GC heap before
{Heap before GC invocations=123 (full 43):
 PSYoungGen      total 8396288K, used 7547050K [0x00007f9066580000, 0x00007f92ba380000, 0x00007f9311000000)
  eden space 7024640K, 100% used [0x00007f9066580000,0x00007f9213180000,0x00007f9213180000)
  from space 1371648K, 38% used [0x00007f9213180000,0x00007f9232faab58,0x00007f9266d00000)
  to   space 1287168K, 0% used [0x00007f926ba80000,0x00007f926ba80000,0x00007f92ba380000)
 ParOldGen       total 22369792K, used 13228284K [0x00007f8b11000000, 0x00007f9066580000, 0x00007f9066580000)
  object space 22369792K, 59% used [0x00007f8b11000000,0x00007f8e3863f0b8,0x00007f9066580000)
 Metaspace       used 28667K, capacity 29059K, committed 29184K, reserved 30720K
Event: 5007.570 GC heap after
Heap after GC invocations=123 (full 43):
 PSYoungGen      total 8341504K, used 525180K [0x00007f9066580000, 0x00007f92b1800000, 0x00007f9311000000)
  eden space 7197184K, 0% used [0x00007f9066580000,0x00007f9066580000,0x00007f921da00000)
  from space 1144320K, 45% used [0x00007f926ba80000,0x00007f928bb5f1e0,0x00007f92b1800000)
  to   space 1211392K, 0% used [0x00007f921da00000,0x00007f921da00000,0x00007f9267900000)
 ParOldGen       total 22369792K, used 13228284K [0x00007f8b11000000, 0x00007f9066580000, 0x00007f9066580000)
  object space 22369792K, 59% used [0x00007f8b11000000,0x00007f8e3863f0b8,0x00007f9066580000)
 Metaspace       used 28667K, capacity 29059K, committed 29184K, reserved 30720K
}
Event: 5297.586 GC heap before
{Heap before GC invocations=124 (full 43):
 PSYoungGen      total 8341504K, used 7722364K [0x00007f9066580000, 0x00007f92b1800000, 0x00007f9311000000)
  eden space 7197184K, 100% used [0x00007f9066580000,0x00007f921da00000,0x00007f921da00000)
  from space 1144320K, 45% used [0x00007f926ba80000,0x00007f928bb5f1e0,0x00007f92b1800000)
  to   space 1211392K, 0% used [0x00007f921da00000,0x00007f921da00000,0x00007f9267900000)
 ParOldGen       total 22369792K, used 13228284K [0x00007f8b11000000, 0x00007f9066580000, 0x00007f9066580000)
  object space 22369792K, 59% used [0x00007f8b11000000,0x00007f8e3863f0b8,0x00007f9066580000)
 Metaspace       used 28668K, capacity 29059K, committed 29184K, reserved 30720K
Event: 5297.644 GC heap after
Heap after GC invocations=124 (full 43):
 PSYoungGen      total 8408576K, used 501501K [0x00007f9066580000, 0x00007f92b1f00000, 0x00007f9311000000)
  eden space 7197184K, 0% used [0x00007f9066580000,0x00007f9066580000,0x00007f921da00000)
  from space 1211392K, 41% used [0x00007f921da00000,0x00007f923c3bf7c0,0x00007f9267900000)
  to   space 1146368K, 0% used [0x00007f926bf80000,0x00007f926bf80000,0x00007f92b1f00000)
 ParOldGen       total 22369792K, used 13228292K [0x00007f8b11000000, 0x00007f9066580000, 0x00007f9066580000)
  object space 22369792K, 59% used [0x00007f8b11000000,0x00007f8e386410b8,0x00007f9066580000)
 Metaspace       used 28668K, capacity 29059K, committed 29184K, reserved 30720K
}
Event: 5850.323 GC heap before
{Heap before GC invocations=125 (full 43):
 PSYoungGen      total 8408576K, used 7698685K [0x00007f9066580000, 0x00007f92b1f00000, 0x00007f9311000000)
  eden space 7197184K, 100% used [0x00007f9066580000,0x00007f921da00000,0x00007f921da00000)
  from space 1211392K, 41% used [0x00007f921da00000,0x00007f923c3bf7c0,0x00007f9267900000)
  to   space 1146368K, 0% used [0x00007f926bf80000,0x00007f926bf80000,0x00007f92b1f00000)
 ParOldGen       total 22369792K, used 13228292K [0x00007f8b11000000, 0x00007f9066580000, 0x00007f9066580000)
  object space 22369792K, 59% used [0x00007f8b11000000,0x00007f8e386410b8,0x00007f9066580000)
 Metaspace       used 28681K, capacity 29059K, committed 29184K, reserved 30720K

